<?xml version="1.0" encoding="UTF-8"?>
<testng-results ignored="0" total="1" passed="1" failed="0" skipped="0">
  <reporter-output>
  </reporter-output>
  <suite started-at="2023-08-22T04:10:28 PDT" name="Suite" finished-at="2023-08-22T04:11:04 PDT" duration-ms="35568">
    <groups>
    </groups>
    <test started-at="2023-08-22T04:10:28 PDT" name="Test" finished-at="2023-08-22T04:11:04 PDT" duration-ms="35568">
      <class name="qa.test.TestCase2">
        <test-method signature="PublishPPI()[pri:0, instance:qa.test.TestCase2@48075da3]" started-at="2023-08-22T04:10:36 PDT" name="PublishPPI" finished-at="2023-08-22T04:11:02 PDT" duration-ms="26851" status="PASS">
          <reporter-output>
          </reporter-output>
        </test-method> <!-- PublishPPI -->
      </class> <!-- qa.test.TestCase2 -->
    </test> <!-- Test -->
  </suite> <!-- Suite -->
</testng-results>
